2023-01-31T12:55:34.900+05:00  INFO 4972 --- [main] c.e.hibernate.HibernateApplication       : Starting HibernateApplication using Java 18.0.2.1 with PID 4972 (C:\Home\Java\hibernate\target\classes started by evgen in C:\Home\Java\hibernate)
2023-01-31T12:55:34.906+05:00  INFO 4972 --- [main] c.e.hibernate.HibernateApplication       : No active profile set, falling back to 1 default profile: "default"
2023-01-31T12:55:35.970+05:00  INFO 4972 --- [main] o.apache.catalina.core.StandardService   : Starting service [Tomcat]
2023-01-31T12:55:35.971+05:00  INFO 4972 --- [main] o.apache.catalina.core.StandardEngine    : Starting Servlet engine: [Apache Tomcat/10.1.5]
2023-01-31T12:55:36.050+05:00  INFO 4972 --- [main] o.a.c.c.C.[Tomcat].[localhost].[/]       : Initializing Spring embedded WebApplicationContext
2023-01-31T12:55:36.545+05:00  INFO 4972 --- [main] com.zaxxer.hikari.HikariDataSource       : HikariPool-1 - Starting...
2023-01-31T12:55:36.730+05:00  INFO 4972 --- [main] com.zaxxer.hikari.pool.HikariPool        : HikariPool-1 - Added connection org.postgresql.jdbc.PgConnection@4e3283f6
2023-01-31T12:55:36.732+05:00  INFO 4972 --- [main] com.zaxxer.hikari.HikariDataSource       : HikariPool-1 - Start completed.
2023-01-31T12:55:36.784+05:00  INFO 4972 --- [main] SQL dialect                              : HHH000400: Using dialect: org.hibernate.dialect.PostgreSQLDialect
2023-01-31T12:55:38.153+05:00  INFO 4972 --- [main] c.e.hibernate.HibernateApplication       : Started HibernateApplication in 3.692 seconds (process running for 4.349)
2023-01-31T12:55:47.928+05:00  INFO 4972 --- [http-nio-8080-exec-1] o.a.c.c.C.[Tomcat].[localhost].[/]       : Initializing Spring DispatcherServlet 'dispatcherServlet'
2023-01-31T12:55:47.956+05:00  INFO 4972 --- [http-nio-8080-exec-1] c.e.h.controllers.TutorialController     : Start endpoint: getAllTutorials
2023-01-31T12:55:47.959+05:00  INFO 4972 --- [http-nio-8080-exec-1] c.e.hibernate.services.TutorialService   : Get all tutorials
2023-01-31T12:55:48.036+05:00  INFO 4972 --- [http-nio-8080-exec-1] c.e.h.controllers.TutorialController     : End endpoint: getAllTutorials
2023-01-31T12:55:56.489+05:00  INFO 4972 --- [http-nio-8080-exec-3] c.e.h.controllers.TutorialController     : Start endpoint: getAllTutorials
2023-01-31T12:55:56.490+05:00  INFO 4972 --- [http-nio-8080-exec-3] c.e.h.controllers.TutorialController     : End endpoint: getAllTutorials
2023-01-31T12:58:05.300+05:00  INFO 4972 --- [http-nio-8080-exec-6] c.e.h.controllers.TutorialController     : Start endpoint: createTutorial
2023-01-31T12:58:05.300+05:00  INFO 4972 --- [http-nio-8080-exec-6] c.e.hibernate.services.TutorialService   : Create new tutorial
2023-01-31T12:58:05.325+05:00  INFO 4972 --- [http-nio-8080-exec-6] c.e.h.controllers.TutorialController     : End endpoint: createTutorial
2023-01-31T12:58:26.732+05:00  INFO 4972 --- [http-nio-8080-exec-7] c.e.h.controllers.TutorialController     : Start endpoint: getAllTutorials
2023-01-31T12:58:26.733+05:00  INFO 4972 --- [http-nio-8080-exec-7] c.e.hibernate.services.TutorialService   : Get all tutorials
2023-01-31T12:58:26.736+05:00  INFO 4972 --- [http-nio-8080-exec-7] c.e.h.controllers.TutorialController     : End endpoint: getAllTutorials
