2023-02-14T17:15:50.645+05:00  INFO 9840 --- [main] c.e.hibernate.HibernateApplication       : Starting HibernateApplication using Java 18.0.2.1 with PID 9840 (C:\Home\Java\hibernate\target\classes started by evgen in C:\Home\Java\hibernate)
2023-02-14T17:15:50.656+05:00  INFO 9840 --- [main] c.e.hibernate.HibernateApplication       : No active profile set, falling back to 1 default profile: "default"
2023-02-14T17:15:51.745+05:00  INFO 9840 --- [main] o.apache.catalina.core.StandardService   : Starting service [Tomcat]
2023-02-14T17:15:51.745+05:00  INFO 9840 --- [main] o.apache.catalina.core.StandardEngine    : Starting Servlet engine: [Apache Tomcat/10.1.5]
2023-02-14T17:15:51.822+05:00  INFO 9840 --- [main] o.a.c.c.C.[Tomcat].[localhost].[/]       : Initializing Spring embedded WebApplicationContext
2023-02-14T17:15:52.298+05:00  INFO 9840 --- [main] com.zaxxer.hikari.HikariDataSource       : HikariPool-1 - Starting...
2023-02-14T17:15:52.465+05:00  INFO 9840 --- [main] com.zaxxer.hikari.pool.HikariPool        : HikariPool-1 - Added connection org.postgresql.jdbc.PgConnection@32da97fd
2023-02-14T17:15:52.466+05:00  INFO 9840 --- [main] com.zaxxer.hikari.HikariDataSource       : HikariPool-1 - Start completed.
2023-02-14T17:15:52.514+05:00  INFO 9840 --- [main] SQL dialect                              : HHH000400: Using dialect: org.hibernate.dialect.PostgreSQLDialect
2023-02-14T17:15:54.323+05:00  INFO 9840 --- [main] c.e.hibernate.HibernateApplication       : Started HibernateApplication in 4.074 seconds (process running for 4.665)
2023-02-14T17:16:00.225+05:00  INFO 9840 --- [http-nio-8080-exec-1] o.a.c.c.C.[Tomcat].[localhost].[/]       : Initializing Spring DispatcherServlet 'dispatcherServlet'
2023-02-14T17:16:00.240+05:00  INFO 9840 --- [http-nio-8080-exec-1] c.e.hibernate.interceptors.Interceptor   : Start endpoint: org.apache.catalina.connector.RequestFacade@540ecc8e
2023-02-14T17:16:00.243+05:00  INFO 9840 --- [http-nio-8080-exec-1] c.e.hibernate.interceptors.Interceptor   : End endpoint: org.apache.catalina.connector.RequestFacade@540ecc8e
2023-02-14T17:16:00.248+05:00  INFO 9840 --- [http-nio-8080-exec-1] c.e.hibernate.interceptors.Interceptor   : Start endpoint: org.apache.catalina.core.ApplicationHttpRequest@49584813
2023-02-14T17:16:00.291+05:00  INFO 9840 --- [http-nio-8080-exec-1] c.e.hibernate.interceptors.Interceptor   : End endpoint: org.apache.catalina.core.ApplicationHttpRequest@49584813
2023-02-14T17:16:27.640+05:00  INFO 9840 --- [http-nio-8080-exec-3] c.e.hibernate.interceptors.Interceptor   : Start endpoint: org.apache.catalina.connector.RequestFacade@34c8f269
2023-02-14T17:16:27.646+05:00  INFO 9840 --- [http-nio-8080-exec-3] c.e.h.controllers.CommentController      : Start endpoint: getCommentById
2023-02-14T17:16:27.649+05:00  INFO 9840 --- [http-nio-8080-exec-3] c.e.hibernate.services.CommentService    : Get comment by id: 102
2023-02-14T17:16:27.693+05:00 ERROR 9840 --- [http-nio-8080-exec-3] c.e.h.e.ServiceExceptionHandler          : Error: Comment with this id does not exist
2023-02-14T17:16:37.034+05:00  INFO 9840 --- [http-nio-8080-exec-4] c.e.hibernate.interceptors.Interceptor   : Start endpoint: org.apache.catalina.connector.RequestFacade@11f85292
2023-02-14T17:16:37.038+05:00  INFO 9840 --- [http-nio-8080-exec-4] c.e.hibernate.interceptors.Interceptor   : End endpoint: org.apache.catalina.connector.RequestFacade@11f85292
2023-02-14T17:16:37.038+05:00  INFO 9840 --- [http-nio-8080-exec-4] c.e.hibernate.interceptors.Interceptor   : Start endpoint: org.apache.catalina.core.ApplicationHttpRequest@3e2d5ba9
2023-02-14T17:16:37.039+05:00  INFO 9840 --- [http-nio-8080-exec-4] c.e.hibernate.interceptors.Interceptor   : End endpoint: org.apache.catalina.core.ApplicationHttpRequest@3e2d5ba9
2023-02-14T17:16:48.893+05:00  INFO 9840 --- [http-nio-8080-exec-6] c.e.hibernate.interceptors.Interceptor   : Start endpoint: org.apache.catalina.connector.RequestFacade@7b679ed5
2023-02-14T17:16:48.895+05:00  INFO 9840 --- [http-nio-8080-exec-6] c.e.h.controllers.TutorialController     : Start endpoint: getAllTutorials
2023-02-14T17:16:48.896+05:00  INFO 9840 --- [http-nio-8080-exec-6] c.e.hibernate.services.TutorialService   : Get all tutorials from database
2023-02-14T17:16:48.940+05:00  INFO 9840 --- [http-nio-8080-exec-6] c.e.h.controllers.TutorialController     : End endpoint: getAllTutorials
2023-02-14T17:16:48.945+05:00  INFO 9840 --- [http-nio-8080-exec-6] c.e.hibernate.interceptors.Interceptor   : End endpoint: org.apache.catalina.connector.RequestFacade@7b679ed5
2023-02-14T17:17:17.095+05:00  INFO 9840 --- [SpringApplicationShutdownHook] com.zaxxer.hikari.HikariDataSource       : HikariPool-1 - Shutdown initiated...
2023-02-14T17:17:17.096+05:00  INFO 9840 --- [SpringApplicationShutdownHook] com.zaxxer.hikari.HikariDataSource       : HikariPool-1 - Shutdown completed.
2023-02-14T17:17:20.026+05:00  INFO 15468 --- [main] c.e.hibernate.HibernateApplication       : Starting HibernateApplication using Java 18.0.2.1 with PID 15468 (C:\Home\Java\hibernate\target\classes started by evgen in C:\Home\Java\hibernate)
2023-02-14T17:17:20.028+05:00  INFO 15468 --- [main] c.e.hibernate.HibernateApplication       : No active profile set, falling back to 1 default profile: "default"
2023-02-14T17:17:20.797+05:00  INFO 15468 --- [main] o.apache.catalina.core.StandardService   : Starting service [Tomcat]
2023-02-14T17:17:20.798+05:00  INFO 15468 --- [main] o.apache.catalina.core.StandardEngine    : Starting Servlet engine: [Apache Tomcat/10.1.5]
2023-02-14T17:17:20.861+05:00  INFO 15468 --- [main] o.a.c.c.C.[Tomcat].[localhost].[/]       : Initializing Spring embedded WebApplicationContext
2023-02-14T17:17:21.163+05:00  INFO 15468 --- [main] com.zaxxer.hikari.HikariDataSource       : HikariPool-1 - Starting...
2023-02-14T17:17:21.284+05:00  INFO 15468 --- [main] com.zaxxer.hikari.pool.HikariPool        : HikariPool-1 - Added connection org.postgresql.jdbc.PgConnection@795f6681
2023-02-14T17:17:21.285+05:00  INFO 15468 --- [main] com.zaxxer.hikari.HikariDataSource       : HikariPool-1 - Start completed.
2023-02-14T17:17:21.309+05:00  INFO 15468 --- [main] SQL dialect                              : HHH000400: Using dialect: org.hibernate.dialect.PostgreSQLDialect
2023-02-14T17:17:22.405+05:00  INFO 15468 --- [main] c.e.hibernate.HibernateApplication       : Started HibernateApplication in 2.701 seconds (process running for 3.112)
2023-02-14T17:17:24.281+05:00  INFO 15468 --- [http-nio-8080-exec-2] o.a.c.c.C.[Tomcat].[localhost].[/]       : Initializing Spring DispatcherServlet 'dispatcherServlet'
2023-02-14T17:17:24.297+05:00  INFO 15468 --- [http-nio-8080-exec-2] c.e.hibernate.interceptors.Interceptor   : Start endpoint: 
2023-02-14T17:17:24.308+05:00  INFO 15468 --- [http-nio-8080-exec-2] c.e.h.controllers.TutorialController     : Start endpoint: getAllTutorials
2023-02-14T17:17:24.312+05:00  INFO 15468 --- [http-nio-8080-exec-2] c.e.hibernate.services.TutorialService   : Get all tutorials from database
2023-02-14T17:17:24.386+05:00  INFO 15468 --- [http-nio-8080-exec-2] c.e.h.controllers.TutorialController     : End endpoint: getAllTutorials
2023-02-14T17:17:24.429+05:00  INFO 15468 --- [http-nio-8080-exec-2] c.e.hibernate.interceptors.Interceptor   : End endpoint: org.apache.catalina.connector.RequestFacade@5b74e990
2023-02-14T17:17:45.941+05:00  INFO 15468 --- [SpringApplicationShutdownHook] com.zaxxer.hikari.HikariDataSource       : HikariPool-1 - Shutdown initiated...
2023-02-14T17:17:45.943+05:00  INFO 15468 --- [SpringApplicationShutdownHook] com.zaxxer.hikari.HikariDataSource       : HikariPool-1 - Shutdown completed.
2023-02-14T17:17:48.870+05:00  INFO 17928 --- [main] c.e.hibernate.HibernateApplication       : Starting HibernateApplication using Java 18.0.2.1 with PID 17928 (C:\Home\Java\hibernate\target\classes started by evgen in C:\Home\Java\hibernate)
2023-02-14T17:17:48.872+05:00  INFO 17928 --- [main] c.e.hibernate.HibernateApplication       : No active profile set, falling back to 1 default profile: "default"
2023-02-14T17:17:49.629+05:00  INFO 17928 --- [main] o.apache.catalina.core.StandardService   : Starting service [Tomcat]
2023-02-14T17:17:49.630+05:00  INFO 17928 --- [main] o.apache.catalina.core.StandardEngine    : Starting Servlet engine: [Apache Tomcat/10.1.5]
2023-02-14T17:17:49.693+05:00  INFO 17928 --- [main] o.a.c.c.C.[Tomcat].[localhost].[/]       : Initializing Spring embedded WebApplicationContext
2023-02-14T17:17:50.002+05:00  INFO 17928 --- [main] com.zaxxer.hikari.HikariDataSource       : HikariPool-1 - Starting...
2023-02-14T17:17:50.119+05:00  INFO 17928 --- [main] com.zaxxer.hikari.pool.HikariPool        : HikariPool-1 - Added connection org.postgresql.jdbc.PgConnection@1cba0321
2023-02-14T17:17:50.120+05:00  INFO 17928 --- [main] com.zaxxer.hikari.HikariDataSource       : HikariPool-1 - Start completed.
2023-02-14T17:17:50.142+05:00  INFO 17928 --- [main] SQL dialect                              : HHH000400: Using dialect: org.hibernate.dialect.PostgreSQLDialect
2023-02-14T17:17:51.233+05:00  INFO 17928 --- [main] c.e.hibernate.HibernateApplication       : Started HibernateApplication in 2.67 seconds (process running for 3.088)
2023-02-14T17:17:52.826+05:00  INFO 17928 --- [http-nio-8080-exec-2] o.a.c.c.C.[Tomcat].[localhost].[/]       : Initializing Spring DispatcherServlet 'dispatcherServlet'
2023-02-14T17:17:52.841+05:00  INFO 17928 --- [http-nio-8080-exec-2] c.e.hibernate.interceptors.Interceptor   : Start endpoint: /api/tutorials/
2023-02-14T17:17:52.852+05:00  INFO 17928 --- [http-nio-8080-exec-2] c.e.h.controllers.TutorialController     : Start endpoint: getAllTutorials
2023-02-14T17:17:52.855+05:00  INFO 17928 --- [http-nio-8080-exec-2] c.e.hibernate.services.TutorialService   : Get all tutorials from database
2023-02-14T17:17:52.926+05:00  INFO 17928 --- [http-nio-8080-exec-2] c.e.h.controllers.TutorialController     : End endpoint: getAllTutorials
2023-02-14T17:17:52.970+05:00  INFO 17928 --- [http-nio-8080-exec-2] c.e.hibernate.interceptors.Interceptor   : End endpoint: org.apache.catalina.connector.RequestFacade@7c248731
2023-02-14T17:18:13.580+05:00  INFO 17928 --- [SpringApplicationShutdownHook] com.zaxxer.hikari.HikariDataSource       : HikariPool-1 - Shutdown initiated...
2023-02-14T17:18:13.582+05:00  INFO 17928 --- [SpringApplicationShutdownHook] com.zaxxer.hikari.HikariDataSource       : HikariPool-1 - Shutdown completed.
2023-02-14T17:18:16.556+05:00  INFO 16444 --- [main] c.e.hibernate.HibernateApplication       : Starting HibernateApplication using Java 18.0.2.1 with PID 16444 (C:\Home\Java\hibernate\target\classes started by evgen in C:\Home\Java\hibernate)
2023-02-14T17:18:16.558+05:00  INFO 16444 --- [main] c.e.hibernate.HibernateApplication       : No active profile set, falling back to 1 default profile: "default"
2023-02-14T17:18:17.315+05:00  INFO 16444 --- [main] o.apache.catalina.core.StandardService   : Starting service [Tomcat]
2023-02-14T17:18:17.315+05:00  INFO 16444 --- [main] o.apache.catalina.core.StandardEngine    : Starting Servlet engine: [Apache Tomcat/10.1.5]
2023-02-14T17:18:17.380+05:00  INFO 16444 --- [main] o.a.c.c.C.[Tomcat].[localhost].[/]       : Initializing Spring embedded WebApplicationContext
2023-02-14T17:18:17.680+05:00  INFO 16444 --- [main] com.zaxxer.hikari.HikariDataSource       : HikariPool-1 - Starting...
2023-02-14T17:18:17.795+05:00  INFO 16444 --- [main] com.zaxxer.hikari.pool.HikariPool        : HikariPool-1 - Added connection org.postgresql.jdbc.PgConnection@1cba0321
2023-02-14T17:18:17.796+05:00  INFO 16444 --- [main] com.zaxxer.hikari.HikariDataSource       : HikariPool-1 - Start completed.
2023-02-14T17:18:17.818+05:00  INFO 16444 --- [main] SQL dialect                              : HHH000400: Using dialect: org.hibernate.dialect.PostgreSQLDialect
2023-02-14T17:18:18.894+05:00  INFO 16444 --- [main] c.e.hibernate.HibernateApplication       : Started HibernateApplication in 2.65 seconds (process running for 3.044)
2023-02-14T17:18:20.630+05:00  INFO 16444 --- [http-nio-8080-exec-6] o.a.c.c.C.[Tomcat].[localhost].[/]       : Initializing Spring DispatcherServlet 'dispatcherServlet'
2023-02-14T17:18:20.644+05:00  INFO 16444 --- [http-nio-8080-exec-6] c.e.hibernate.interceptors.Interceptor   : Start endpoint: /api/tutorials/
2023-02-14T17:18:20.654+05:00  INFO 16444 --- [http-nio-8080-exec-6] c.e.h.controllers.TutorialController     : Start endpoint: getAllTutorials
2023-02-14T17:18:20.657+05:00  INFO 16444 --- [http-nio-8080-exec-6] c.e.hibernate.services.TutorialService   : Get all tutorials from database
2023-02-14T17:18:20.728+05:00  INFO 16444 --- [http-nio-8080-exec-6] c.e.h.controllers.TutorialController     : End endpoint: getAllTutorials
2023-02-14T17:18:20.768+05:00  INFO 16444 --- [http-nio-8080-exec-6] c.e.hibernate.interceptors.Interceptor   : End endpoint: org.apache.catalina.connector.RequestFacade@658a3a3c
2023-02-14T17:19:41.475+05:00  INFO 16444 --- [SpringApplicationShutdownHook] com.zaxxer.hikari.HikariDataSource       : HikariPool-1 - Shutdown initiated...
2023-02-14T17:19:41.478+05:00  INFO 16444 --- [SpringApplicationShutdownHook] com.zaxxer.hikari.HikariDataSource       : HikariPool-1 - Shutdown completed.
2023-02-14T17:19:44.563+05:00  INFO 10076 --- [main] c.e.hibernate.HibernateApplication       : Starting HibernateApplication using Java 18.0.2.1 with PID 10076 (C:\Home\Java\hibernate\target\classes started by evgen in C:\Home\Java\hibernate)
2023-02-14T17:19:44.565+05:00  INFO 10076 --- [main] c.e.hibernate.HibernateApplication       : No active profile set, falling back to 1 default profile: "default"
2023-02-14T17:19:45.303+05:00  INFO 10076 --- [main] o.apache.catalina.core.StandardService   : Starting service [Tomcat]
2023-02-14T17:19:45.303+05:00  INFO 10076 --- [main] o.apache.catalina.core.StandardEngine    : Starting Servlet engine: [Apache Tomcat/10.1.5]
2023-02-14T17:19:45.360+05:00  INFO 10076 --- [main] o.a.c.c.C.[Tomcat].[localhost].[/]       : Initializing Spring embedded WebApplicationContext
2023-02-14T17:19:45.682+05:00  INFO 10076 --- [main] com.zaxxer.hikari.HikariDataSource       : HikariPool-1 - Starting...
2023-02-14T17:19:45.797+05:00  INFO 10076 --- [main] com.zaxxer.hikari.pool.HikariPool        : HikariPool-1 - Added connection org.postgresql.jdbc.PgConnection@795f6681
2023-02-14T17:19:45.800+05:00  INFO 10076 --- [main] com.zaxxer.hikari.HikariDataSource       : HikariPool-1 - Start completed.
2023-02-14T17:19:45.823+05:00  INFO 10076 --- [main] SQL dialect                              : HHH000400: Using dialect: org.hibernate.dialect.PostgreSQLDialect
2023-02-14T17:19:46.880+05:00  INFO 10076 --- [main] c.e.hibernate.HibernateApplication       : Started HibernateApplication in 2.62 seconds (process running for 3.002)
2023-02-14T17:19:48.595+05:00  INFO 10076 --- [http-nio-8080-exec-2] o.a.c.c.C.[Tomcat].[localhost].[/]       : Initializing Spring DispatcherServlet 'dispatcherServlet'
2023-02-14T17:19:48.609+05:00  INFO 10076 --- [http-nio-8080-exec-2] c.e.hibernate.interceptors.Interceptor   : Start endpoint: /api/tutorials/
2023-02-14T17:19:48.622+05:00  INFO 10076 --- [http-nio-8080-exec-2] c.e.hibernate.services.TutorialService   : Get all tutorials from database
2023-02-14T17:19:48.732+05:00  INFO 10076 --- [http-nio-8080-exec-2] c.e.hibernate.interceptors.Interceptor   : End endpoint: /api/tutorials/
2023-02-14T17:19:53.317+05:00  INFO 10076 --- [http-nio-8080-exec-5] c.e.hibernate.interceptors.Interceptor   : Start endpoint: /api/tutorials/
2023-02-14T17:19:53.319+05:00  INFO 10076 --- [http-nio-8080-exec-5] c.e.hibernate.interceptors.Interceptor   : End endpoint: /api/tutorials/
2023-02-14T17:24:27.066+05:00  INFO 10076 --- [SpringApplicationShutdownHook] com.zaxxer.hikari.HikariDataSource       : HikariPool-1 - Shutdown initiated...
2023-02-14T17:24:27.068+05:00  INFO 10076 --- [SpringApplicationShutdownHook] com.zaxxer.hikari.HikariDataSource       : HikariPool-1 - Shutdown completed.
2023-02-14T17:24:30.302+05:00  INFO 16668 --- [main] c.e.hibernate.HibernateApplication       : Starting HibernateApplication using Java 18.0.2.1 with PID 16668 (C:\Home\Java\hibernate\target\classes started by evgen in C:\Home\Java\hibernate)
2023-02-14T17:24:30.304+05:00  INFO 16668 --- [main] c.e.hibernate.HibernateApplication       : No active profile set, falling back to 1 default profile: "default"
2023-02-14T17:24:31.086+05:00  INFO 16668 --- [main] o.apache.catalina.core.StandardService   : Starting service [Tomcat]
2023-02-14T17:24:31.087+05:00  INFO 16668 --- [main] o.apache.catalina.core.StandardEngine    : Starting Servlet engine: [Apache Tomcat/10.1.5]
2023-02-14T17:24:31.154+05:00  INFO 16668 --- [main] o.a.c.c.C.[Tomcat].[localhost].[/]       : Initializing Spring embedded WebApplicationContext
2023-02-14T17:24:31.471+05:00  INFO 16668 --- [main] com.zaxxer.hikari.HikariDataSource       : HikariPool-1 - Starting...
2023-02-14T17:24:31.598+05:00  INFO 16668 --- [main] com.zaxxer.hikari.pool.HikariPool        : HikariPool-1 - Added connection org.postgresql.jdbc.PgConnection@795f6681
2023-02-14T17:24:31.599+05:00  INFO 16668 --- [main] com.zaxxer.hikari.HikariDataSource       : HikariPool-1 - Start completed.
2023-02-14T17:24:31.623+05:00  INFO 16668 --- [main] SQL dialect                              : HHH000400: Using dialect: org.hibernate.dialect.PostgreSQLDialect
2023-02-14T17:24:32.815+05:00  INFO 16668 --- [main] c.e.hibernate.HibernateApplication       : Started HibernateApplication in 2.839 seconds (process running for 3.265)
2023-02-14T17:24:34.105+05:00  INFO 16668 --- [http-nio-8080-exec-2] o.a.c.c.C.[Tomcat].[localhost].[/]       : Initializing Spring DispatcherServlet 'dispatcherServlet'
2023-02-14T17:24:34.117+05:00  INFO 16668 --- [http-nio-8080-exec-2] c.e.hibernate.interceptors.Interceptor   : Start endpoint: /api/tutorials
2023-02-14T17:24:34.131+05:00  INFO 16668 --- [http-nio-8080-exec-2] c.e.hibernate.services.TutorialService   : Get all tutorials from database
2023-02-14T17:24:34.246+05:00  INFO 16668 --- [http-nio-8080-exec-2] c.e.hibernate.interceptors.Interceptor   : End endpoint: /api/tutorials
2023-02-14T17:25:48.625+05:00  INFO 16668 --- [SpringApplicationShutdownHook] com.zaxxer.hikari.HikariDataSource       : HikariPool-1 - Shutdown initiated...
2023-02-14T17:25:48.627+05:00  INFO 16668 --- [SpringApplicationShutdownHook] com.zaxxer.hikari.HikariDataSource       : HikariPool-1 - Shutdown completed.
